[debug] [2025-06-25T02:40:40.362Z] ----------------------------------------------------------------------
[debug] [2025-06-25T02:40:40.367Z] Command:       C:\nvm4w\nodejs\node.exe C:\nvm4w\nodejs\node_modules\firebase-tools\lib\bin\firebase.js deploy --only hosting
[debug] [2025-06-25T02:40:40.368Z] CLI Version:   14.8.0
[debug] [2025-06-25T02:40:40.368Z] Platform:      win32
[debug] [2025-06-25T02:40:40.368Z] Node Version:  v20.19.2
[debug] [2025-06-25T02:40:40.368Z] Time:          Tue Jun 24 2025 19:40:40 GMT-0700 (Pacific Daylight Time)
[debug] [2025-06-25T02:40:40.369Z] ----------------------------------------------------------------------
[debug] 
[debug] [2025-06-25T02:40:40.769Z] > command requires scopes: ["email","openid","https://www.googleapis.com/auth/cloudplatformprojects.readonly","https://www.googleapis.com/auth/firebase","https://www.googleapis.com/auth/cloud-platform"]
[debug] [2025-06-25T02:40:40.770Z] > authorizing via signed-in user (sbejayp@gmail.com)
[debug] [2025-06-25T02:40:40.770Z] [iam] checking project exprezzzo-sandbox-admin for permissions ["firebase.projects.get","firebasehosting.sites.update"]
[debug] [2025-06-25T02:40:40.772Z] Checked if tokens are valid: false, expires at: 1750818068368
[debug] [2025-06-25T02:40:40.772Z] Checked if tokens are valid: false, expires at: 1750818068368
[debug] [2025-06-25T02:40:40.772Z] > refreshing access token with scopes: []
[debug] [2025-06-25T02:40:40.774Z] >>> [apiv2][query] POST https://www.googleapis.com/oauth2/v3/token [none]
[debug] [2025-06-25T02:40:40.775Z] >>> [apiv2][body] POST https://www.googleapis.com/oauth2/v3/token [omitted]
[debug] [2025-06-25T02:40:41.028Z] <<< [apiv2][status] POST https://www.googleapis.com/oauth2/v3/token 200
[debug] [2025-06-25T02:40:41.029Z] <<< [apiv2][body] POST https://www.googleapis.com/oauth2/v3/token [omitted]
[debug] [2025-06-25T02:40:41.064Z] >>> [apiv2][query] POST https://cloudresourcemanager.googleapis.com/v1/projects/exprezzzo-sandbox-admin:testIamPermissions [none]
[debug] [2025-06-25T02:40:41.064Z] >>> [apiv2][(partial)header] POST https://cloudresourcemanager.googleapis.com/v1/projects/exprezzzo-sandbox-admin:testIamPermissions x-goog-quota-user=projects/exprezzzo-sandbox-admin
[debug] [2025-06-25T02:40:41.064Z] >>> [apiv2][body] POST https://cloudresourcemanager.googleapis.com/v1/projects/exprezzzo-sandbox-admin:testIamPermissions {"permissions":["firebase.projects.get","firebasehosting.sites.update"]}
[debug] [2025-06-25T02:40:41.431Z] <<< [apiv2][status] POST https://cloudresourcemanager.googleapis.com/v1/projects/exprezzzo-sandbox-admin:testIamPermissions 200
[debug] [2025-06-25T02:40:41.431Z] <<< [apiv2][body] POST https://cloudresourcemanager.googleapis.com/v1/projects/exprezzzo-sandbox-admin:testIamPermissions {"permissions":["firebase.projects.get","firebasehosting.sites.update"]}
[debug] [2025-06-25T02:40:41.436Z] Checked if tokens are valid: true, expires at: 1750822840029
[debug] [2025-06-25T02:40:41.436Z] Checked if tokens are valid: true, expires at: 1750822840029
[debug] [2025-06-25T02:40:41.437Z] >>> [apiv2][query] GET https://firebase.googleapis.com/v1beta1/projects/exprezzzo-sandbox-admin [none]
[debug] [2025-06-25T02:40:41.742Z] <<< [apiv2][status] GET https://firebase.googleapis.com/v1beta1/projects/exprezzzo-sandbox-admin 200
[debug] [2025-06-25T02:40:41.742Z] <<< [apiv2][body] GET https://firebase.googleapis.com/v1beta1/projects/exprezzzo-sandbox-admin {"projectId":"exprezzzo-sandbox-admin","projectNumber":"20702644028","displayName":"exprezzzo-sandbox-admin","name":"projects/exprezzzo-sandbox-admin","resources":{"hostingSite":"exprezzzo-sandbox-admin"},"state":"ACTIVE","etag":"1_f3776d94-1930-411f-9384-0aeca7b13ade"}
[debug] [2025-06-25T02:40:45.806Z] Checked if tokens are valid: true, expires at: 1750822840029
[debug] [2025-06-25T02:40:45.806Z] Checked if tokens are valid: true, expires at: 1750822840029
[debug] [2025-06-25T02:40:45.807Z] >>> [apiv2][query] GET https://firebasehosting.googleapis.com/v1beta1/projects/exprezzzo-sandbox-admin/sites pageToken=&pageSize=10
[debug] [2025-06-25T02:40:46.692Z] <<< [apiv2][status] GET https://firebasehosting.googleapis.com/v1beta1/projects/exprezzzo-sandbox-admin/sites 200
[debug] [2025-06-25T02:40:46.692Z] <<< [apiv2][body] GET https://firebasehosting.googleapis.com/v1beta1/projects/exprezzzo-sandbox-admin/sites {"sites":[{"name":"projects/exprezzzo-sandbox-admin/sites/exprezzzo-sandbox-admin","defaultUrl":"https://exprezzzo-sandbox-admin.web.app","type":"DEFAULT_SITE"}]}
[debug] [2025-06-25T02:40:46.693Z] Checked if tokens are valid: true, expires at: 1750822840029
[debug] [2025-06-25T02:40:46.693Z] Checked if tokens are valid: true, expires at: 1750822840029
[debug] [2025-06-25T02:40:46.693Z] >>> [apiv2][query] GET https://firebasehosting.googleapis.com/v1beta1/projects/exprezzzo-sandbox-admin/sites 
[debug] [2025-06-25T02:40:47.215Z] <<< [apiv2][status] GET https://firebasehosting.googleapis.com/v1beta1/projects/exprezzzo-sandbox-admin/sites 200
[debug] [2025-06-25T02:40:47.215Z] <<< [apiv2][body] GET https://firebasehosting.googleapis.com/v1beta1/projects/exprezzzo-sandbox-admin/sites {"sites":[{"name":"projects/exprezzzo-sandbox-admin/sites/exprezzzo-sandbox-admin","defaultUrl":"https://exprezzzo-sandbox-admin.web.app","type":"DEFAULT_SITE"}]}
[debug] [2025-06-25T02:40:47.215Z] Checked if tokens are valid: true, expires at: 1750822840029
[debug] [2025-06-25T02:40:47.215Z] Checked if tokens are valid: true, expires at: 1750822840029
[debug] [2025-06-25T02:40:47.215Z] >>> [apiv2][query] GET https://firebase.googleapis.com/v1beta1/projects/exprezzzo-sandbox-admin/webApps/-/config [none]
[debug] [2025-06-25T02:40:47.522Z] <<< [apiv2][status] GET https://firebase.googleapis.com/v1beta1/projects/exprezzzo-sandbox-admin/webApps/-/config 200
[debug] [2025-06-25T02:40:47.522Z] <<< [apiv2][body] GET https://firebase.googleapis.com/v1beta1/projects/exprezzzo-sandbox-admin/webApps/-/config {"projectId":"exprezzzo-sandbox-admin","storageBucket":"exprezzzo-sandbox-admin.firebasestorage.app","apiKey":"AIzaSyC7G5StdGU_uAMVrh6_j32EoVcT9bQfX3k","authDomain":"exprezzzo-sandbox-admin.firebaseapp.com","messagingSenderId":"20702644028"}
[info] 
   Thank you for trying our early preview of Next.js support on Firebase Hosting.
   During the preview, support is best-effort and breaking changes can be expected. Proceed with caution.
   The integration is known to work with Next.js version 12 - 15.0. You may encounter errors.

   Documentation: https://firebase.google.com/docs/hosting/frameworks/nextjs
   File a bug: https://github.com/firebase/firebase-tools/issues/new?template=bug_report.md
   Submit a feature request: https://github.com/firebase/firebase-tools/issues/new?template=feature_request.md

   We'd love to learn from you. Express your interest in helping us shape the future of Firebase Hosting: https://goo.gle/41enW5X

[debug] [2025-06-25T02:40:57.018Z] Checked if tokens are valid: true, expires at: 1750822840029
[debug] [2025-06-25T02:40:57.018Z] Checked if tokens are valid: true, expires at: 1750822840029
[debug] [2025-06-25T02:40:57.018Z] >>> [apiv2][query] GET https://firebasehosting.googleapis.com/v1beta1/projects/exprezzzo-sandbox-admin/sites/exprezzzo-sandbox-admin [none]
[debug] [2025-06-25T02:40:57.619Z] <<< [apiv2][status] GET https://firebasehosting.googleapis.com/v1beta1/projects/exprezzzo-sandbox-admin/sites/exprezzzo-sandbox-admin 200
[debug] [2025-06-25T02:40:57.620Z] <<< [apiv2][body] GET https://firebasehosting.googleapis.com/v1beta1/projects/exprezzzo-sandbox-admin/sites/exprezzzo-sandbox-admin {"name":"projects/exprezzzo-sandbox-admin/sites/exprezzzo-sandbox-admin","defaultUrl":"https://exprezzzo-sandbox-admin.web.app","type":"DEFAULT_SITE"}
[info]    ▲ Next.js 15.3.4

[info] 

[info]    Creating an optimized production build ...

[info]  ✓ Compiled successfully in 36.0s

[info]    Linting and checking validity of types ...

[info] Failed to compile.


[info] .next/types/app/eeis/admin/page.ts:2:24
Type error: File 'C:/Users/Owner/Desktop/exprezzzo-suite/apps/exprezzzo-global/app/eeis/admin/page.tsx' is not a module.

  1 | // File: C:\Users\Owner\Desktop\exprezzzo-suite\apps\exprezzzo-global\app\eeis\admin\page.tsx
> 2 | import * as entry from '../../../../../app/eeis/admin/page.js'
    |                        ^
  3 | import type { ResolvingMetadata, ResolvingViewport } from 'next/dist/lib/metadata/types/metadata-interface.js'
  4 |
  5 | type TEntry = typeof import('../../../../../app/eeis/admin/page.js')

[info] Next.js build worker exited with code: 1 and signal: null

[debug] [2025-06-25T02:41:52.831Z] Error: ENOENT: no such file or directory, open 'C:\Users\Owner\Desktop\exprezzzo-suite\apps\exprezzzo-global\.next\export-marker.json'
[error] 
[error] Error: An unexpected error has occurred.
